<?xml version="1.0" encoding="UTF-8"?>
<testng-results skipped="0" failed="0" total="1" passed="1">
  <reporter-output>
  </reporter-output>
  <suite name="Default suite" duration-ms="21641" started-at="2017-03-07T22:37:47Z" finished-at="2017-03-07T22:38:09Z">
    <groups>
    </groups>
    <test name="Default test" duration-ms="21641" started-at="2017-03-07T22:37:47Z" finished-at="2017-03-07T22:38:09Z">
      <class name="test.GoogleSearch">
        <test-method status="PASS" signature="startSession()[pri:0, instance:test.GoogleSearch@cb5822]" name="startSession" is-config="true" duration-ms="8290" started-at="2017-03-07T22:37:47Z" finished-at="2017-03-07T22:37:56Z">
          <reporter-output>
          </reporter-output>
        </test-method> <!-- startSession -->
        <test-method status="PASS" signature="testSearch()[pri:0, instance:test.GoogleSearch@cb5822]" name="testSearch" duration-ms="12250" started-at="2017-03-07T22:37:56Z" finished-at="2017-03-07T22:38:08Z">
          <reporter-output>
          </reporter-output>
        </test-method> <!-- testSearch -->
        <test-method status="PASS" signature="closeSession()[pri:0, instance:test.GoogleSearch@cb5822]" name="closeSession" is-config="true" duration-ms="1074" started-at="2017-03-07T22:38:08Z" finished-at="2017-03-07T22:38:09Z">
          <reporter-output>
          </reporter-output>
        </test-method> <!-- closeSession -->
      </class> <!-- test.GoogleSearch -->
    </test> <!-- Default test -->
  </suite> <!-- Default suite -->
</testng-results>
