<?xml version="1.0" encoding="UTF-8"?>
<testng-results skipped="0" failed="0" total="1" passed="1">
  <reporter-output>
  </reporter-output>
  <suite name="Default suite" duration-ms="68581" started-at="2016-12-12T20:29:56Z" finished-at="2016-12-12T20:31:05Z">
    <groups>
    </groups>
    <test name="Default test" duration-ms="68581" started-at="2016-12-12T20:29:56Z" finished-at="2016-12-12T20:31:05Z">
      <class name="test.GoogleSearch">
        <test-method status="PASS" signature="startSession()[pri:0, instance:test.GoogleSearch@769f71a9]" name="startSession" is-config="true" duration-ms="8033" started-at="2016-12-12T20:29:56Z" finished-at="2016-12-12T20:30:04Z">
          <reporter-output>
          </reporter-output>
        </test-method> <!-- startSession -->
        <test-method status="PASS" signature="testSearch()[pri:0, instance:test.GoogleSearch@769f71a9]" name="testSearch" duration-ms="59563" started-at="2016-12-12T20:30:04Z" finished-at="2016-12-12T20:31:04Z">
          <reporter-output>
          </reporter-output>
        </test-method> <!-- testSearch -->
        <test-method status="PASS" signature="closeSession()[pri:0, instance:test.GoogleSearch@769f71a9]" name="closeSession" is-config="true" duration-ms="903" started-at="2016-12-12T20:31:04Z" finished-at="2016-12-12T20:31:05Z">
          <reporter-output>
          </reporter-output>
        </test-method> <!-- closeSession -->
      </class> <!-- test.GoogleSearch -->
    </test> <!-- Default test -->
  </suite> <!-- Default suite -->
</testng-results>
